2022-11-18 09:06:44,634 [INFO] Activator:177 - 


2022-11-18 09:06:44,634 [INFO] Activator:178 - !SESSION log4j initialized
2022-11-18 09:10:06,993 [INFO] Activator:177 - 


2022-11-18 09:10:06,993 [INFO] Activator:178 - !SESSION log4j initialized
2022-11-18 09:10:30,482 [ERROR] LogOutputStream:74 - [STDERR_REDIRECT] SLF4J: Failed to load class "org.slf4j.impl.StaticLoggerBinder".
2022-11-18 09:10:30,482 [ERROR] LogOutputStream:74 - [STDERR_REDIRECT] SLF4J: Defaulting to no-operation (NOP) logger implementation
2022-11-18 09:10:30,482 [ERROR] LogOutputStream:74 - [STDERR_REDIRECT] SLF4J: See http://www.slf4j.org/codes.html#StaticLoggerBinder for further details.
2022-11-18 09:11:41,047 [INFO] Activator:177 - 


2022-11-18 09:11:41,047 [INFO] Activator:178 - !SESSION log4j initialized
2022-11-18 09:12:06,381 [ERROR] LogOutputStream:74 - [STDERR_REDIRECT] SLF4J: Failed to load class "org.slf4j.impl.StaticLoggerBinder".
2022-11-18 09:12:06,381 [ERROR] LogOutputStream:74 - [STDERR_REDIRECT] SLF4J: Defaulting to no-operation (NOP) logger implementation
2022-11-18 09:12:06,381 [ERROR] LogOutputStream:74 - [STDERR_REDIRECT] SLF4J: See http://www.slf4j.org/codes.html#StaticLoggerBinder for further details.
2022-11-18 09:30:37,694 [INFO] Activator:177 - 


2022-11-18 09:30:37,694 [INFO] Activator:178 - !SESSION log4j initialized
2022-11-18 09:31:02,871 [ERROR] LogOutputStream:74 - [STDERR_REDIRECT] SLF4J: Failed to load class "org.slf4j.impl.StaticLoggerBinder".
2022-11-18 09:31:02,873 [ERROR] LogOutputStream:74 - [STDERR_REDIRECT] SLF4J: Defaulting to no-operation (NOP) logger implementation
2022-11-18 09:31:02,873 [ERROR] LogOutputStream:74 - [STDERR_REDIRECT] SLF4J: See http://www.slf4j.org/codes.html#StaticLoggerBinder for further details.
2022-11-18 09:37:48,801 [INFO] Activator:177 - 


2022-11-18 09:37:48,801 [INFO] Activator:178 - !SESSION log4j initialized
2022-11-18 09:38:13,775 [ERROR] LogOutputStream:74 - [STDERR_REDIRECT] SLF4J: Failed to load class "org.slf4j.impl.StaticLoggerBinder".
2022-11-18 09:38:13,775 [ERROR] LogOutputStream:74 - [STDERR_REDIRECT] SLF4J: Defaulting to no-operation (NOP) logger implementation
2022-11-18 09:38:13,775 [ERROR] LogOutputStream:74 - [STDERR_REDIRECT] SLF4J: See http://www.slf4j.org/codes.html#StaticLoggerBinder for further details.
2022-11-18 09:39:30,829 [INFO] Activator:177 - 


2022-11-18 09:39:30,829 [INFO] Activator:178 - !SESSION log4j initialized
2022-11-18 09:39:56,095 [ERROR] LogOutputStream:74 - [STDERR_REDIRECT] SLF4J: Failed to load class "org.slf4j.impl.StaticLoggerBinder".
2022-11-18 09:39:56,095 [ERROR] LogOutputStream:74 - [STDERR_REDIRECT] SLF4J: Defaulting to no-operation (NOP) logger implementation
2022-11-18 09:39:56,095 [ERROR] LogOutputStream:74 - [STDERR_REDIRECT] SLF4J: See http://www.slf4j.org/codes.html#StaticLoggerBinder for further details.
2022-11-18 09:46:29,625 [INFO] Activator:177 - 


2022-11-18 09:46:29,625 [INFO] Activator:178 - !SESSION log4j initialized
2022-11-18 09:46:55,193 [ERROR] LogOutputStream:74 - [STDERR_REDIRECT] SLF4J: Failed to load class "org.slf4j.impl.StaticLoggerBinder".
2022-11-18 09:46:55,193 [ERROR] LogOutputStream:74 - [STDERR_REDIRECT] SLF4J: Defaulting to no-operation (NOP) logger implementation
2022-11-18 09:46:55,193 [ERROR] LogOutputStream:74 - [STDERR_REDIRECT] SLF4J: See http://www.slf4j.org/codes.html#StaticLoggerBinder for further details.
2022-11-19 11:09:24,770 [INFO] Activator:177 - 


2022-11-19 11:09:24,770 [INFO] Activator:178 - !SESSION log4j initialized
2022-11-19 11:09:50,799 [ERROR] LogOutputStream:74 - [STDERR_REDIRECT] SLF4J: Failed to load class "org.slf4j.impl.StaticLoggerBinder".
2022-11-19 11:09:50,799 [ERROR] LogOutputStream:74 - [STDERR_REDIRECT] SLF4J: Defaulting to no-operation (NOP) logger implementation
2022-11-19 11:09:50,799 [ERROR] LogOutputStream:74 - [STDERR_REDIRECT] SLF4J: See http://www.slf4j.org/codes.html#StaticLoggerBinder for further details.
2022-11-19 16:22:22,188 [INFO] Activator:177 - 


2022-11-19 16:22:22,188 [INFO] Activator:178 - !SESSION log4j initialized
2022-11-19 16:22:47,053 [ERROR] LogOutputStream:74 - [STDERR_REDIRECT] SLF4J: Failed to load class "org.slf4j.impl.StaticLoggerBinder".
2022-11-19 16:22:47,054 [ERROR] LogOutputStream:74 - [STDERR_REDIRECT] SLF4J: Defaulting to no-operation (NOP) logger implementation
2022-11-19 16:22:47,056 [ERROR] LogOutputStream:74 - [STDERR_REDIRECT] SLF4J: See http://www.slf4j.org/codes.html#StaticLoggerBinder for further details.
2022-11-19 17:33:35,927 [INFO] Activator:177 - 


2022-11-19 17:33:35,927 [INFO] Activator:178 - !SESSION log4j initialized
2022-11-19 17:34:01,150 [ERROR] LogOutputStream:74 - [STDERR_REDIRECT] SLF4J: Failed to load class "org.slf4j.impl.StaticLoggerBinder".
2022-11-19 17:34:01,150 [ERROR] LogOutputStream:74 - [STDERR_REDIRECT] SLF4J: Defaulting to no-operation (NOP) logger implementation
2022-11-19 17:34:01,150 [ERROR] LogOutputStream:74 - [STDERR_REDIRECT] SLF4J: See http://www.slf4j.org/codes.html#StaticLoggerBinder for further details.
